This file contains any messages produced by compilers while
running configure, to aid debugging if configure makes a mistake.

It was created by festcat configure 0.1, which was
generated by GNU Autoconf 2.67.  Invocation command line was

  $ ./configure --prefix=/home/sergio/Source/festcat/festcat-scripts/install

## --------- ##
## Platform. ##
## --------- ##

hostname = sergio-Latitude-D630
uname -m = i686
uname -r = 2.6.35-30-generic-pae
uname -s = Linux
uname -v = #56-Ubuntu SMP Mon Jul 11 21:51:12 UTC 2011

/usr/bin/uname -p = unknown
/bin/uname -X     = unknown

/bin/arch              = unknown
/usr/bin/arch -k       = unknown
/usr/convex/getsysinfo = unknown
/usr/bin/hostinfo      = unknown
/bin/machine           = unknown
/usr/bin/oslevel       = unknown
/bin/universe          = unknown

PATH: /home/sergio/bin
PATH: /usr/local/sbin
PATH: /usr/local/bin
PATH: /usr/sbin
PATH: /usr/bin
PATH: /sbin
PATH: /bin
PATH: /usr/games


## ----------- ##
## Core tests. ##
## ----------- ##

configure:2093: checking for a BSD-compatible install
configure:2161: result: /usr/bin/install -c
configure:2172: checking whether build environment is sane
configure:2222: result: yes
configure:2363: checking for a thread-safe mkdir -p
configure:2402: result: /bin/mkdir -p
configure:2415: checking for gawk
configure:2431: found /usr/bin/gawk
configure:2442: result: gawk
configure:2453: checking whether make sets $(MAKE)
configure:2475: result: yes
configure:2606: checking for gcc
configure:2622: found /usr/bin/gcc
configure:2633: result: gcc
configure:2862: checking for C compiler version
configure:2871: gcc --version >&5
gcc (Ubuntu/Linaro 4.4.4-14ubuntu5) 4.4.5
Copyright (C) 2010 Free Software Foundation, Inc.
This is free software; see the source for copying conditions.  There is NO
warranty; not even for MERCHANTABILITY or FITNESS FOR A PARTICULAR PURPOSE.

configure:2882: $? = 0
configure:2871: gcc -v >&5
Using built-in specs.
Target: i686-linux-gnu
Configured with: ../src/configure -v --with-pkgversion='Ubuntu/Linaro 4.4.4-14ubuntu5' --with-bugurl=file:///usr/share/doc/gcc-4.4/README.Bugs --enable-languages=c,c++,fortran,objc,obj-c++ --prefix=/usr --program-suffix=-4.4 --enable-shared --enable-multiarch --enable-linker-build-id --with-system-zlib --libexecdir=/usr/lib --without-included-gettext --enable-threads=posix --with-gxx-include-dir=/usr/include/c++/4.4 --libdir=/usr/lib --enable-nls --with-sysroot=/ --enable-clocale=gnu --enable-libstdcxx-debug --enable-objc-gc --enable-targets=all --disable-werror --with-arch-32=i686 --with-tune=generic --enable-checking=release --build=i686-linux-gnu --host=i686-linux-gnu --target=i686-linux-gnu
Thread model: posix
gcc version 4.4.5 (Ubuntu/Linaro 4.4.4-14ubuntu5) 
configure:2882: $? = 0
configure:2871: gcc -V >&5
gcc: '-V' option must have argument
configure:2882: $? = 1
configure:2871: gcc -qversion >&5
gcc: unrecognized option '-qversion'
gcc: no input files
configure:2882: $? = 1
configure:2902: checking whether the C compiler works
configure:2924: gcc    conftest.c  >&5
configure:2928: $? = 0
configure:2976: result: yes
configure:2979: checking for C compiler default output file name
configure:2981: result: a.out
configure:2987: checking for suffix of executables
configure:2994: gcc -o conftest    conftest.c  >&5
configure:2998: $? = 0
configure:3020: result: 
configure:3042: checking whether we are cross compiling
configure:3050: gcc -o conftest    conftest.c  >&5
configure:3054: $? = 0
configure:3061: ./conftest
configure:3065: $? = 0
configure:3080: result: no
configure:3085: checking for suffix of object files
configure:3107: gcc -c   conftest.c >&5
configure:3111: $? = 0
configure:3132: result: o
configure:3136: checking whether we are using the GNU C compiler
configure:3155: gcc -c   conftest.c >&5
configure:3155: $? = 0
configure:3164: result: yes
configure:3173: checking whether gcc accepts -g
configure:3193: gcc -c -g  conftest.c >&5
configure:3193: $? = 0
configure:3234: result: yes
configure:3251: checking for gcc option to accept ISO C89
configure:3315: gcc  -c -g -O2  conftest.c >&5
configure:3315: $? = 0
configure:3328: result: none needed
configure:3359: checking for style of include used by make
configure:3387: result: GNU
configure:3412: checking dependency style of gcc
configure:3522: result: gcc3
configure:3547: checking how to run the C preprocessor
configure:3578: gcc -E  conftest.c
configure:3578: $? = 0
configure:3592: gcc -E  conftest.c
conftest.c:11: fatal error: ac_nonexistent.h: No such file or directory
compilation terminated.
configure:3592: $? = 1
configure: failed program was:
| /* confdefs.h */
| #define PACKAGE_NAME "festcat"
| #define PACKAGE_TARNAME "festcat"
| #define PACKAGE_VERSION "0.1"
| #define PACKAGE_STRING "festcat 0.1"
| #define PACKAGE_BUGREPORT "sergioller@gmail.com"
| #define PACKAGE_URL ""
| #define PACKAGE "festcat"
| #define VERSION "2.6"
| /* end confdefs.h.  */
| #include <ac_nonexistent.h>
configure:3617: result: gcc -E
configure:3637: gcc -E  conftest.c
configure:3637: $? = 0
configure:3651: gcc -E  conftest.c
conftest.c:11: fatal error: ac_nonexistent.h: No such file or directory
compilation terminated.
configure:3651: $? = 1
configure: failed program was:
| /* confdefs.h */
| #define PACKAGE_NAME "festcat"
| #define PACKAGE_TARNAME "festcat"
| #define PACKAGE_VERSION "0.1"
| #define PACKAGE_STRING "festcat 0.1"
| #define PACKAGE_BUGREPORT "sergioller@gmail.com"
| #define PACKAGE_URL ""
| #define PACKAGE "festcat"
| #define VERSION "2.6"
| /* end confdefs.h.  */
| #include <ac_nonexistent.h>
configure:3680: checking for grep that handles long lines and -e
configure:3738: result: /bin/grep
configure:3743: checking for egrep
configure:3805: result: /bin/grep -E
configure:3810: checking for ANSI C header files
configure:3830: gcc -c -g -O2  conftest.c >&5
configure:3830: $? = 0
configure:3903: gcc -o conftest -g -O2   conftest.c  >&5
configure:3903: $? = 0
configure:3903: ./conftest
configure:3903: $? = 0
configure:3914: result: yes
configure:3927: checking for sys/types.h
configure:3927: gcc -c -g -O2  conftest.c >&5
configure:3927: $? = 0
configure:3927: result: yes
configure:3927: checking for sys/stat.h
configure:3927: gcc -c -g -O2  conftest.c >&5
configure:3927: $? = 0
configure:3927: result: yes
configure:3927: checking for stdlib.h
configure:3927: gcc -c -g -O2  conftest.c >&5
configure:3927: $? = 0
configure:3927: result: yes
configure:3927: checking for string.h
configure:3927: gcc -c -g -O2  conftest.c >&5
configure:3927: $? = 0
configure:3927: result: yes
configure:3927: checking for memory.h
configure:3927: gcc -c -g -O2  conftest.c >&5
configure:3927: $? = 0
configure:3927: result: yes
configure:3927: checking for strings.h
configure:3927: gcc -c -g -O2  conftest.c >&5
configure:3927: $? = 0
configure:3927: result: yes
configure:3927: checking for inttypes.h
configure:3927: gcc -c -g -O2  conftest.c >&5
configure:3927: $? = 0
configure:3927: result: yes
configure:3927: checking for stdint.h
configure:3927: gcc -c -g -O2  conftest.c >&5
configure:3927: $? = 0
configure:3927: result: yes
configure:3927: checking for unistd.h
configure:3927: gcc -c -g -O2  conftest.c >&5
configure:3927: $? = 0
configure:3927: result: yes
configure:3942: checking for stdlib.h
configure:3942: result: yes
configure:3942: checking for string.h
configure:3942: result: yes
configure:3954: checking for size_t
configure:3954: gcc -c -g -O2  conftest.c >&5
configure:3954: $? = 0
configure:3954: gcc -c -g -O2  conftest.c >&5
conftest.c: In function 'main':
conftest.c:59: error: expected expression before ')' token
configure:3954: $? = 1
configure: failed program was:
| /* confdefs.h */
| #define PACKAGE_NAME "festcat"
| #define PACKAGE_TARNAME "festcat"
| #define PACKAGE_VERSION "0.1"
| #define PACKAGE_STRING "festcat 0.1"
| #define PACKAGE_BUGREPORT "sergioller@gmail.com"
| #define PACKAGE_URL ""
| #define PACKAGE "festcat"
| #define VERSION "2.6"
| #define STDC_HEADERS 1
| #define HAVE_SYS_TYPES_H 1
| #define HAVE_SYS_STAT_H 1
| #define HAVE_STDLIB_H 1
| #define HAVE_STRING_H 1
| #define HAVE_MEMORY_H 1
| #define HAVE_STRINGS_H 1
| #define HAVE_INTTYPES_H 1
| #define HAVE_STDINT_H 1
| #define HAVE_UNISTD_H 1
| #define HAVE_STDLIB_H 1
| #define HAVE_STRING_H 1
| /* end confdefs.h.  */
| #include <stdio.h>
| #ifdef HAVE_SYS_TYPES_H
| # include <sys/types.h>
| #endif
| #ifdef HAVE_SYS_STAT_H
| # include <sys/stat.h>
| #endif
| #ifdef STDC_HEADERS
| # include <stdlib.h>
| # include <stddef.h>
| #else
| # ifdef HAVE_STDLIB_H
| #  include <stdlib.h>
| # endif
| #endif
| #ifdef HAVE_STRING_H
| # if !defined STDC_HEADERS && defined HAVE_MEMORY_H
| #  include <memory.h>
| # endif
| # include <string.h>
| #endif
| #ifdef HAVE_STRINGS_H
| # include <strings.h>
| #endif
| #ifdef HAVE_INTTYPES_H
| # include <inttypes.h>
| #endif
| #ifdef HAVE_STDINT_H
| # include <stdint.h>
| #endif
| #ifdef HAVE_UNISTD_H
| # include <unistd.h>
| #endif
| int
| main ()
| {
| if (sizeof ((size_t)))
| 	    return 0;
|   ;
|   return 0;
| }
configure:3954: result: yes
configure:4125: creating ./config.status

## ---------------------- ##
## Running config.status. ##
## ---------------------- ##

This file was extended by festcat config.status 0.1, which was
generated by GNU Autoconf 2.67.  Invocation command line was

  CONFIG_FILES    = 
  CONFIG_HEADERS  = 
  CONFIG_LINKS    = 
  CONFIG_COMMANDS = 
  $ ./config.status 

on sergio-Latitude-D630

config.status:784: creating Makefile
config.status:784: creating doc/Makefile
config.status:784: creating scripts/Makefile
config.status:784: creating share/Makefile
config.status:784: creating src/Makefile
config.status:955: executing depfiles commands

## ---------------- ##
## Cache variables. ##
## ---------------- ##

ac_cv_c_compiler_gnu=yes
ac_cv_env_CC_set=
ac_cv_env_CC_value=
ac_cv_env_CFLAGS_set=
ac_cv_env_CFLAGS_value=
ac_cv_env_CPPFLAGS_set=
ac_cv_env_CPPFLAGS_value=
ac_cv_env_CPP_set=
ac_cv_env_CPP_value=
ac_cv_env_LDFLAGS_set=
ac_cv_env_LDFLAGS_value=
ac_cv_env_LIBS_set=
ac_cv_env_LIBS_value=
ac_cv_env_build_alias_set=
ac_cv_env_build_alias_value=
ac_cv_env_host_alias_set=
ac_cv_env_host_alias_value=
ac_cv_env_target_alias_set=
ac_cv_env_target_alias_value=
ac_cv_header_inttypes_h=yes
ac_cv_header_memory_h=yes
ac_cv_header_stdc=yes
ac_cv_header_stdint_h=yes
ac_cv_header_stdlib_h=yes
ac_cv_header_string_h=yes
ac_cv_header_strings_h=yes
ac_cv_header_sys_stat_h=yes
ac_cv_header_sys_types_h=yes
ac_cv_header_unistd_h=yes
ac_cv_objext=o
ac_cv_path_EGREP='/bin/grep -E'
ac_cv_path_GREP=/bin/grep
ac_cv_path_install='/usr/bin/install -c'
ac_cv_path_mkdir=/bin/mkdir
ac_cv_prog_AWK=gawk
ac_cv_prog_CPP='gcc -E'
ac_cv_prog_ac_ct_CC=gcc
ac_cv_prog_cc_c89=
ac_cv_prog_cc_g=yes
ac_cv_prog_make_make_set=yes
ac_cv_type_size_t=yes
am_cv_CC_dependencies_compiler_type=gcc3

## ----------------- ##
## Output variables. ##
## ----------------- ##

ACLOCAL='${SHELL} /home/sergio/Source/festcat/festcat-scripts/missing --run aclocal-1.11'
AMDEPBACKSLASH='\'
AMDEP_FALSE='#'
AMDEP_TRUE=''
AMTAR='${SHELL} /home/sergio/Source/festcat/festcat-scripts/missing --run tar'
AUTOCONF='${SHELL} /home/sergio/Source/festcat/festcat-scripts/missing --run autoconf'
AUTOHEADER='${SHELL} /home/sergio/Source/festcat/festcat-scripts/missing --run autoheader'
AUTOMAKE='${SHELL} /home/sergio/Source/festcat/festcat-scripts/missing --run automake-1.11'
AWK='gawk'
CC='gcc'
CCDEPMODE='depmode=gcc3'
CFLAGS='-g -O2'
CPP='gcc -E'
CPPFLAGS=''
CYGPATH_W='echo'
DEFS='-DPACKAGE_NAME=\"festcat\" -DPACKAGE_TARNAME=\"festcat\" -DPACKAGE_VERSION=\"0.1\" -DPACKAGE_STRING=\"festcat\ 0.1\" -DPACKAGE_BUGREPORT=\"sergioller@gmail.com\" -DPACKAGE_URL=\"\" -DPACKAGE=\"festcat\" -DVERSION=\"2.6\" -DSTDC_HEADERS=1 -DHAVE_SYS_TYPES_H=1 -DHAVE_SYS_STAT_H=1 -DHAVE_STDLIB_H=1 -DHAVE_STRING_H=1 -DHAVE_MEMORY_H=1 -DHAVE_STRINGS_H=1 -DHAVE_INTTYPES_H=1 -DHAVE_STDINT_H=1 -DHAVE_UNISTD_H=1 -DHAVE_STDLIB_H=1 -DHAVE_STRING_H=1'
DEPDIR='.deps'
ECHO_C=''
ECHO_N='-n'
ECHO_T=''
EGREP='/bin/grep -E'
EXEEXT=''
GREP='/bin/grep'
INSTALL_DATA='${INSTALL} -m 644'
INSTALL_PROGRAM='${INSTALL}'
INSTALL_SCRIPT='${INSTALL}'
INSTALL_STRIP_PROGRAM='$(install_sh) -c -s'
LDFLAGS=''
LIBOBJS=''
LIBS=''
LTLIBOBJS=''
MAKEINFO='${SHELL} /home/sergio/Source/festcat/festcat-scripts/missing --run makeinfo'
MKDIR_P='/bin/mkdir -p'
OBJEXT='o'
PACKAGE='festcat'
PACKAGE_BUGREPORT='sergioller@gmail.com'
PACKAGE_NAME='festcat'
PACKAGE_STRING='festcat 0.1'
PACKAGE_TARNAME='festcat'
PACKAGE_URL=''
PACKAGE_VERSION='0.1'
PATH_SEPARATOR=':'
SET_MAKE=''
SHELL='/bin/bash'
STRIP=''
VERSION='2.6'
ac_ct_CC='gcc'
am__EXEEXT_FALSE=''
am__EXEEXT_TRUE='#'
am__fastdepCC_FALSE='#'
am__fastdepCC_TRUE=''
am__include='include'
am__isrc=''
am__leading_dot='.'
am__quote=''
am__tar='${AMTAR} chof - "$$tardir"'
am__untar='${AMTAR} xf -'
bindir='${exec_prefix}/bin'
build_alias=''
datadir='${datarootdir}'
datarootdir='${prefix}/share'
docdir='${datarootdir}/doc/${PACKAGE_TARNAME}'
dvidir='${docdir}'
exec_prefix='${prefix}'
host_alias=''
htmldir='${docdir}'
includedir='${prefix}/include'
infodir='${datarootdir}/info'
install_sh='${SHELL} /home/sergio/Source/festcat/festcat-scripts/install-sh'
libdir='${exec_prefix}/lib'
libexecdir='${exec_prefix}/libexec'
localedir='${datarootdir}/locale'
localstatedir='${prefix}/var'
mandir='${datarootdir}/man'
mkdir_p='/bin/mkdir -p'
oldincludedir='/usr/include'
pdfdir='${docdir}'
prefix='/home/sergio/Source/festcat/festcat-scripts/install'
program_transform_name='s,x,x,'
psdir='${docdir}'
sbindir='${exec_prefix}/sbin'
sharedstatedir='${prefix}/com'
sysconfdir='${prefix}/etc'
target_alias=''

## ----------- ##
## confdefs.h. ##
## ----------- ##

/* confdefs.h */
#define PACKAGE_NAME "festcat"
#define PACKAGE_TARNAME "festcat"
#define PACKAGE_VERSION "0.1"
#define PACKAGE_STRING "festcat 0.1"
#define PACKAGE_BUGREPORT "sergioller@gmail.com"
#define PACKAGE_URL ""
#define PACKAGE "festcat"
#define VERSION "2.6"
#define STDC_HEADERS 1
#define HAVE_SYS_TYPES_H 1
#define HAVE_SYS_STAT_H 1
#define HAVE_STDLIB_H 1
#define HAVE_STRING_H 1
#define HAVE_MEMORY_H 1
#define HAVE_STRINGS_H 1
#define HAVE_INTTYPES_H 1
#define HAVE_STDINT_H 1
#define HAVE_UNISTD_H 1
#define HAVE_STDLIB_H 1
#define HAVE_STRING_H 1

configure: exit 0
